python: can't open file '/home/esaccar/GAN-Leaks/python': [Errno 2] No such file or directory
wandb: Currently logged in as: carlo_saccardi (thesis_carlo). Use `wandb login --relogin` to force relogin
wandb: wandb version 0.14.2 is available!  To upgrade, please run:
wandb:  $ pip install wandb --upgrade
wandb: Tracking run with wandb version 0.14.0
wandb: Run data is saved locally in /home/esaccar/GAN-Leaks/wandb/run-20230418_114721-1rppuu8k
wandb: Run `wandb offline` to turn off syncing.
wandb: Syncing run dutiful-snowflake-17
wandb: ⭐️ View project at https://wandb.ai/thesis_carlo/privDCGAN
wandb: 🚀 View run at https://wandb.ai/thesis_carlo/privDCGAN/runs/1rppuu8k
/opt/conda/envs/THESIS/lib/python3.10/site-packages/torch/nn/modules/container.py:139: UserWarning: Implicit dimension choice for softmax has been deprecated. Change the call to include dim=X as an argument.
  input = module(input)
Namespace(lr=0.0002, batch_size=128, image_size=64, nc=3, nz=100, ngf=64, ndf=64, input_size=64, num_epochs=300, disc_epochs=50, dp_delay=100, out_size=None, beta1=0.5, beta2=0.999, data_name='celebAhuge', wandb='privDCGAN', local_config='gan_models/dcgan/dcgan_config.yaml', PATH='/home/esaccar/GAN-Leaks/model_save/privDCGAN', PATH_syn_data='/home/esaccar/GAN-Leaks/syn_data/privDCGAN', save_model=True, saved_model_name=None, training=True, generate=True, N_splits=2, privacy_ratio=0.5)
Epoch 0 of 300 complete. Loss D: 0.15037646251730621, Loss DP: 0.0, Loss G: 1.5797838896512986
Epoch 1 of 300 complete. Loss D: 0.31438760107848795, Loss DP: 0.0, Loss G: 1.1417169496417046
Epoch 2 of 300 complete. Loss D: 0.5105216480791569, Loss DP: 0.0, Loss G: 0.9317013666033744
Epoch 3 of 300 complete. Loss D: 0.5567479878664017, Loss DP: 0.0, Loss G: 0.8744807422161103
Epoch 4 of 300 complete. Loss D: 0.5688656318932772, Loss DP: 0.0, Loss G: 0.8549640610814094
Epoch 5 of 300 complete. Loss D: 0.5390348985791207, Loss DP: 0.0, Loss G: 0.9474011667072773
Epoch 6 of 300 complete. Loss D: 0.5617093842476606, Loss DP: 0.0, Loss G: 0.9321434959769249
Epoch 7 of 300 complete. Loss D: 0.5778991892933846, Loss DP: 0.0, Loss G: 0.9490581929683686
Epoch 8 of 300 complete. Loss D: 0.5517222609370946, Loss DP: 0.0, Loss G: 0.9449489742517472
Epoch 9 of 300 complete. Loss D: 0.5741637036204338, Loss DP: 0.0, Loss G: 0.8991262868046761
Epoch 10 of 300 complete. Loss D: 0.556918765604496, Loss DP: 0.0, Loss G: 0.9582844376564026
Epoch 11 of 300 complete. Loss D: 0.4964003872126341, Loss DP: 0.0, Loss G: 1.1299171149730682
Epoch 12 of 300 complete. Loss D: 0.5343097638338804, Loss DP: 0.0, Loss G: 1.0524580642580985
Epoch 13 of 300 complete. Loss D: 0.5328198194503784, Loss DP: 0.0, Loss G: 1.0453212976455688
Epoch 14 of 300 complete. Loss D: 0.5216476254165172, Loss DP: 0.0, Loss G: 0.9010411150753498
Epoch 15 of 300 complete. Loss D: 0.5434207335114479, Loss DP: 0.0, Loss G: 0.9504860661923885
Epoch 16 of 300 complete. Loss D: 0.5472806006669998, Loss DP: 0.0, Loss G: 0.9516551986336708
Epoch 17 of 300 complete. Loss D: 0.5132288463413716, Loss DP: 0.0, Loss G: 0.9685343477874995
Epoch 18 of 300 complete. Loss D: 0.5218805003911257, Loss DP: 0.0, Loss G: 0.9519652791321278
Epoch 19 of 300 complete. Loss D: 0.5287712045013905, Loss DP: 0.0, Loss G: 1.0129109799861908
Epoch 20 of 300 complete. Loss D: 0.5223183173686266, Loss DP: 0.0, Loss G: 1.0380366787314415
Epoch 21 of 300 complete. Loss D: 0.5184723548591137, Loss DP: 0.0, Loss G: 0.9291820153594017
Epoch 22 of 300 complete. Loss D: 0.5134850170463323, Loss DP: 0.0, Loss G: 0.9306750372052193
Epoch 23 of 300 complete. Loss D: 0.5099577337503434, Loss DP: 0.0, Loss G: 0.9969980850815773
Epoch 24 of 300 complete. Loss D: 0.5128722809255123, Loss DP: 0.0, Loss G: 0.9425394266843796
Epoch 25 of 300 complete. Loss D: 0.5092511653900147, Loss DP: 0.0, Loss G: 0.9196604162454605
Epoch 26 of 300 complete. Loss D: 0.47107941582798957, Loss DP: 0.0, Loss G: 1.0395217776298522
Epoch 27 of 300 complete. Loss D: 0.48212625794112685, Loss DP: 0.0, Loss G: 0.9779806859791279
Epoch 28 of 300 complete. Loss D: 0.4836749728769064, Loss DP: 0.0, Loss G: 0.9676155671477318
Epoch 29 of 300 complete. Loss D: 0.4967680413275957, Loss DP: 0.0, Loss G: 0.9336609855294228
Epoch 30 of 300 complete. Loss D: 0.47656235601752994, Loss DP: 0.0, Loss G: 0.9456930585205555
Epoch 31 of 300 complete. Loss D: 0.4747445020824671, Loss DP: 0.0, Loss G: 0.9621213339269161
Epoch 32 of 300 complete. Loss D: 0.4851964648813009, Loss DP: 0.0, Loss G: 0.8996972251683474
Epoch 33 of 300 complete. Loss D: 0.4602326048538089, Loss DP: 0.0, Loss G: 0.892854779213667
Epoch 34 of 300 complete. Loss D: 0.46042271684855224, Loss DP: 0.0, Loss G: 0.9600641146302223
Epoch 35 of 300 complete. Loss D: 0.5013672593981028, Loss DP: 0.0, Loss G: 0.9932926574721932
Epoch 36 of 300 complete. Loss D: 0.47221573181450366, Loss DP: 0.0, Loss G: 0.9196469403803349
Epoch 37 of 300 complete. Loss D: 0.46629361622035503, Loss DP: 0.0, Loss G: 0.9273806884884834
Epoch 38 of 300 complete. Loss D: 0.458884309604764, Loss DP: 0.0, Loss G: 0.9181379951536656
Epoch 39 of 300 complete. Loss D: 0.44470289535820484, Loss DP: 0.0, Loss G: 0.96540766954422
Epoch 40 of 300 complete. Loss D: 0.46541573852300644, Loss DP: 0.0, Loss G: 0.9605279624462127
Epoch 41 of 300 complete. Loss D: 0.4799889700487256, Loss DP: 0.0, Loss G: 0.9603625848889351
Epoch 42 of 300 complete. Loss D: 0.4495404396206141, Loss DP: 0.0, Loss G: 0.9351161137223244
Epoch 43 of 300 complete. Loss D: 0.483062032982707, Loss DP: 0.0, Loss G: 0.8906627796590328
Epoch 44 of 300 complete. Loss D: 0.46417012587189677, Loss DP: 0.0, Loss G: 0.9765997983515262
Epoch 45 of 300 complete. Loss D: 0.4451512686908245, Loss DP: 0.0, Loss G: 0.9559235170483589
Epoch 46 of 300 complete. Loss D: 0.49218822047114374, Loss DP: 0.0, Loss G: 0.957209962233901
Epoch 47 of 300 complete. Loss D: 0.4523455614224076, Loss DP: 0.0, Loss G: 0.9276025727391243
Epoch 48 of 300 complete. Loss D: 0.4746428828686476, Loss DP: 0.0, Loss G: 0.9166437342762948
Epoch 49 of 300 complete. Loss D: 0.47743194457143545, Loss DP: 0.0, Loss G: 0.9140411365777255
Epoch 50 of 300 complete. Loss D: 0.43871151134371755, Loss DP: 0.0, Loss G: 0.9782662048935891
Epoch 51 of 300 complete. Loss D: 0.4650744002312422, Loss DP: 0.0, Loss G: 0.9388267159461975
Epoch 52 of 300 complete. Loss D: 0.4401319338940084, Loss DP: 0.0, Loss G: 0.9676023736596108
Epoch 53 of 300 complete. Loss D: 0.46133924666792153, Loss DP: 0.0, Loss G: 0.9672168642282486
Epoch 54 of 300 complete. Loss D: 0.4498946154490113, Loss DP: 0.0, Loss G: 0.9918843880295753
Epoch 55 of 300 complete. Loss D: 0.4463057205080986, Loss DP: 0.0, Loss G: 1.013714073598385
Epoch 56 of 300 complete. Loss D: 0.46352976374328136, Loss DP: 0.0, Loss G: 0.9940515451133252
Epoch 57 of 300 complete. Loss D: 0.4083632331341505, Loss DP: 0.0, Loss G: 0.9828800618648529
Epoch 58 of 300 complete. Loss D: 0.4572112368419766, Loss DP: 0.0, Loss G: 0.9863951072096825
Epoch 59 of 300 complete. Loss D: 0.4335254389792681, Loss DP: 0.0, Loss G: 0.9827617846429348
Epoch 60 of 300 complete. Loss D: 0.4193017348647118, Loss DP: 0.0, Loss G: 0.9613175265491009
Epoch 61 of 300 complete. Loss D: 0.44666177220642567, Loss DP: 0.0, Loss G: 0.9621766433119774
Epoch 62 of 300 complete. Loss D: 0.4203401882201433, Loss DP: 0.0, Loss G: 1.0391770476475357
Epoch 63 of 300 complete. Loss D: 0.43021744303405285, Loss DP: 0.0, Loss G: 1.0063329920172692
Epoch 64 of 300 complete. Loss D: 0.4284236505627632, Loss DP: 0.0, Loss G: 1.0164341419935226
Epoch 65 of 300 complete. Loss D: 0.416947827488184, Loss DP: 0.0, Loss G: 1.020733606815338
Epoch 66 of 300 complete. Loss D: 0.3846339273266494, Loss DP: 0.0, Loss G: 1.0192303970456122
Epoch 67 of 300 complete. Loss D: 0.43311089724302293, Loss DP: 0.0, Loss G: 1.0168374270200728
Epoch 68 of 300 complete. Loss D: 0.42605315111577513, Loss DP: 0.0, Loss G: 1.0492649778723717
Epoch 69 of 300 complete. Loss D: 0.38544522877782583, Loss DP: 0.0, Loss G: 1.0197520717978477
Epoch 70 of 300 complete. Loss D: 0.3913797658868134, Loss DP: 0.0, Loss G: 1.040718149393797
Epoch 71 of 300 complete. Loss D: 0.3743116419762373, Loss DP: 0.0, Loss G: 1.025819218158722
Epoch 72 of 300 complete. Loss D: 0.445334355160594, Loss DP: 0.0, Loss G: 1.0434052906930447
Epoch 73 of 300 complete. Loss D: 0.38111818172037604, Loss DP: 0.0, Loss G: 1.0930006422102452
Epoch 74 of 300 complete. Loss D: 0.3671393462456763, Loss DP: 0.0, Loss G: 1.1037737354636192
Epoch 75 of 300 complete. Loss D: 0.35486095380038024, Loss DP: 0.0, Loss G: 1.1612148150801658
Epoch 76 of 300 complete. Loss D: 0.3686713293194771, Loss DP: 0.0, Loss G: 1.1122943349182606
Epoch 77 of 300 complete. Loss D: 0.36516588954254986, Loss DP: 0.0, Loss G: 1.117362906038761
Epoch 78 of 300 complete. Loss D: 0.3572895242832601, Loss DP: 0.0, Loss G: 1.1329234905540944
Epoch 79 of 300 complete. Loss D: 0.3938030818477273, Loss DP: 0.0, Loss G: 1.1106415688991547
Epoch 80 of 300 complete. Loss D: 0.3442337052896619, Loss DP: 0.0, Loss G: 1.1884102053940295
Epoch 81 of 300 complete. Loss D: 0.34482429903000594, Loss DP: 0.0, Loss G: 1.1415075704455375
Epoch 82 of 300 complete. Loss D: 0.36483340612612664, Loss DP: 0.0, Loss G: 1.2199697390198707
Epoch 83 of 300 complete. Loss D: 0.33699565213173627, Loss DP: 0.0, Loss G: 1.2078128822147847
Epoch 84 of 300 complete. Loss D: 0.3122252753470093, Loss DP: 0.0, Loss G: 1.1726765662431717
Epoch 85 of 300 complete. Loss D: 0.3774093144573271, Loss DP: 0.0, Loss G: 1.1587440330535173
Epoch 86 of 300 complete. Loss D: 0.3047518715262413, Loss DP: 0.0, Loss G: 1.1739223033189774
Epoch 87 of 300 complete. Loss D: 0.30480851884931326, Loss DP: 0.0, Loss G: 1.2827749043703078
Epoch 88 of 300 complete. Loss D: 0.36995751354843376, Loss DP: 0.0, Loss G: 1.1708635836839676
Epoch 89 of 300 complete. Loss D: 0.3041989393532276, Loss DP: 0.0, Loss G: 1.2338461801409721
Epoch 90 of 300 complete. Loss D: 0.3240282370708883, Loss DP: 0.0, Loss G: 1.234822827577591
Epoch 91 of 300 complete. Loss D: 0.2965848634019494, Loss DP: 0.0, Loss G: 1.2818589866161347
Epoch 92 of 300 complete. Loss D: 0.3406311120837927, Loss DP: 0.0, Loss G: 1.2485142678022385
Epoch 93 of 300 complete. Loss D: 0.31924543175846337, Loss DP: 0.0, Loss G: 1.2745345488190651
Epoch 94 of 300 complete. Loss D: 0.2462892740033567, Loss DP: 0.0, Loss G: 1.2536916002631187
Epoch 95 of 300 complete. Loss D: 0.3536149695981294, Loss DP: 0.0, Loss G: 1.2579671695828438
Epoch 96 of 300 complete. Loss D: 0.2631328010931611, Loss DP: 0.0, Loss G: 1.276398441195488
Epoch 97 of 300 complete. Loss D: 0.3288865530863404, Loss DP: 0.0, Loss G: 1.3213423565030098
Epoch 98 of 300 complete. Loss D: 0.23797201276756824, Loss DP: 0.0, Loss G: 1.3162004828453064
Epoch 99 of 300 complete. Loss D: 0.2467769612558186, Loss DP: 0.0, Loss G: 1.3144547283649444
Epoch 100 of 300 complete. Loss D: 0.2759907321073115, Loss DP: 0.0, Loss G: 1.3731570214033126
Epoch 101 of 300 complete. Loss D: 0.2418341844342649, Loss DP: 302.9746334552765, Loss G: 1.419273878633976
Epoch 102 of 300 complete. Loss D: 0.34128913963213564, Loss DP: 302.9746334552765, Loss G: 1.3659547030925752
Epoch 103 of 300 complete. Loss D: 0.25090698706917464, Loss DP: 302.9746334552765, Loss G: 1.3262918025255204
Epoch 104 of 300 complete. Loss D: 0.20043151266872883, Loss DP: 302.9746334552765, Loss G: 1.41523557305336
Epoch 105 of 300 complete. Loss D: 0.40738243646919725, Loss DP: 302.9746334552765, Loss G: 1.3235064432024957
Epoch 106 of 300 complete. Loss D: 0.24473134884610773, Loss DP: 302.9746334552765, Loss G: 1.354274944961071
Epoch 107 of 300 complete. Loss D: 0.1992472684942186, Loss DP: 302.9746334552765, Loss G: 1.4436364978551866
Epoch 108 of 300 complete. Loss D: 0.24872952876612545, Loss DP: 302.9746334552765, Loss G: 1.4572764962911606
Epoch 109 of 300 complete. Loss D: 0.24264924703165888, Loss DP: 302.9746334552765, Loss G: 1.5137173477560282
Epoch 110 of 300 complete. Loss D: 0.1937684633769095, Loss DP: 302.9746334552765, Loss G: 1.4690979585051536
Epoch 111 of 300 complete. Loss D: 0.1762125147972256, Loss DP: 302.9746334552765, Loss G: 1.5295157596468925
Epoch 112 of 300 complete. Loss D: 0.35497601991519334, Loss DP: 302.9746334552765, Loss G: 1.4359017357230186
Epoch 113 of 300 complete. Loss D: 0.18532880279235542, Loss DP: 302.9746334552765, Loss G: 1.472922457754612
Epoch 114 of 300 complete. Loss D: 0.18032638595905154, Loss DP: 302.9746334552765, Loss G: 1.5669678822159767
Epoch 115 of 300 complete. Loss D: 0.17783189767505975, Loss DP: 302.9746334552765, Loss G: 1.559271140396595
Epoch 116 of 300 complete. Loss D: 0.38607226046733556, Loss DP: 302.9746334552765, Loss G: 1.501729290187359
Epoch 117 of 300 complete. Loss D: 0.16864271522499621, Loss DP: 302.9746334552765, Loss G: 1.5320433259010315
Epoch 118 of 300 complete. Loss D: 0.31860611503943803, Loss DP: 302.9746334552765, Loss G: 1.512190943211317
Epoch 119 of 300 complete. Loss D: 0.24790722457692027, Loss DP: 302.9746334552765, Loss G: 1.5285588175058364
Epoch 120 of 300 complete. Loss D: 0.15375352473929524, Loss DP: 302.9746334552765, Loss G: 1.5984550535678863
Epoch 121 of 300 complete. Loss D: 0.221042239619419, Loss DP: 302.9746334552765, Loss G: 1.6534477546811104
Epoch 122 of 300 complete. Loss D: 0.16742856351193042, Loss DP: 302.9746334552765, Loss G: 1.6254273302853108
Epoch 123 of 300 complete. Loss D: 0.21953901629894973, Loss DP: 302.9746334552765, Loss G: 1.6054579988121986
Epoch 124 of 300 complete. Loss D: 0.23895130441524087, Loss DP: 302.9746334552765, Loss G: 1.606721931695938
Epoch 125 of 300 complete. Loss D: 0.15692377325613052, Loss DP: 302.9746334552765, Loss G: 1.6273184448480607
Epoch 126 of 300 complete. Loss D: 0.1346415624022484, Loss DP: 302.9746334552765, Loss G: 1.656483268737793
Epoch 127 of 300 complete. Loss D: 0.15146435853093862, Loss DP: 302.9746334552765, Loss G: 1.7017204463481903
Epoch 128 of 300 complete. Loss D: 0.32154056839644907, Loss DP: 302.9746334552765, Loss G: 1.5611411765217782
Epoch 129 of 300 complete. Loss D: 0.15451460918411614, Loss DP: 302.9746334552765, Loss G: 1.6625218093395233
Epoch 130 of 300 complete. Loss D: 0.24087716341018678, Loss DP: 302.9746334552765, Loss G: 1.6247991874814034
Epoch 131 of 300 complete. Loss D: 0.1218277383595705, Loss DP: 302.9746334552765, Loss G: 1.7252998113632203
Epoch 132 of 300 complete. Loss D: 0.12634031279012561, Loss DP: 302.9746334552765, Loss G: 1.724979317188263
Epoch 133 of 300 complete. Loss D: 0.4606813466642052, Loss DP: 302.9746334552765, Loss G: 1.5257092759478836
Epoch 134 of 300 complete. Loss D: 0.16621668331790715, Loss DP: 302.9746334552765, Loss G: 1.6265313535928727
Epoch 135 of 300 complete. Loss D: 0.12760259087663145, Loss DP: 302.9746334552765, Loss G: 1.7034550875425338
Epoch 136 of 300 complete. Loss D: 0.2920510628260672, Loss DP: 302.9746334552765, Loss G: 1.6090813338756562
Epoch 137 of 300 complete. Loss D: 0.1283583734650165, Loss DP: 302.9746334552765, Loss G: 1.7423130840063095
Epoch 138 of 300 complete. Loss D: 0.10728066880255938, Loss DP: 302.9746334552765, Loss G: 1.7478270471096038
Epoch 139 of 300 complete. Loss D: 0.2020460041007027, Loss DP: 302.9746334552765, Loss G: 1.7620990216732024
Epoch 140 of 300 complete. Loss D: 0.10141028307843954, Loss DP: 302.9746334552765, Loss G: 1.7852147042751312
Epoch 141 of 300 complete. Loss D: 0.12257599390577525, Loss DP: 302.9746334552765, Loss G: 1.840339058637619
Epoch 142 of 300 complete. Loss D: 0.0913939526071772, Loss DP: 302.9746334552765, Loss G: 1.847818586230278
Epoch 143 of 300 complete. Loss D: 0.38531156710814685, Loss DP: 302.9746334552765, Loss G: 1.7095953583717347
Epoch 144 of 300 complete. Loss D: 0.12264275276102125, Loss DP: 302.9746334552765, Loss G: 1.7968049839138984
Epoch 145 of 300 complete. Loss D: 0.09743757906835526, Loss DP: 302.9746334552765, Loss G: 1.8204094886779785
Epoch 146 of 300 complete. Loss D: 0.1728433789103292, Loss DP: 302.9746334552765, Loss G: 1.842562672123313
Epoch 147 of 300 complete. Loss D: 0.27653723193798213, Loss DP: 302.9746334552765, Loss G: 1.7847125828266144
Epoch 148 of 300 complete. Loss D: 0.12192630982608535, Loss DP: 302.9746334552765, Loss G: 1.839245182275772
Epoch 149 of 300 complete. Loss D: 0.11627289862371981, Loss DP: 302.9746334552765, Loss G: 1.8644269719719886
Epoch 150 of 300 complete. Loss D: 0.22410651934333145, Loss DP: 302.9746334552765, Loss G: 1.8856868110597134
Epoch 151 of 300 complete. Loss D: 0.1331502796150744, Loss DP: 302.9746334552765, Loss G: 1.83974332511425
Epoch 152 of 300 complete. Loss D: 0.09552299685310572, Loss DP: 302.9746334552765, Loss G: 1.8646177232265473
Epoch 153 of 300 complete. Loss D: 0.08596929052728228, Loss DP: 302.9746334552765, Loss G: 1.9499624818563461
Epoch 154 of 300 complete. Loss D: 0.08498185933567584, Loss DP: 302.9746334552765, Loss G: 2.0311762988567352
Epoch 155 of 300 complete. Loss D: 0.35113317251671106, Loss DP: 302.9746334552765, Loss G: 1.720298453234136
Epoch 156 of 300 complete. Loss D: 0.1230152356904, Loss DP: 302.9746334552765, Loss G: 1.9602426767349244
Epoch 157 of 300 complete. Loss D: 0.09675969623494893, Loss DP: 302.9746334552765, Loss G: 1.9462610721588134
Epoch 158 of 300 complete. Loss D: 0.30835838136263194, Loss DP: 302.9746334552765, Loss G: 1.6963754877448083
Epoch 159 of 300 complete. Loss D: 0.10188091138843447, Loss DP: 302.9746334552765, Loss G: 1.9127800166606903
Epoch 160 of 300 complete. Loss D: 0.07989605604670942, Loss DP: 302.9746334552765, Loss G: 2.017100542783737
Epoch 161 of 300 complete. Loss D: 0.07435463990550488, Loss DP: 302.9746334552765, Loss G: 2.028566488623619
Epoch 162 of 300 complete. Loss D: 0.07073338968912139, Loss DP: 302.9746334552765, Loss G: 2.0310725569725037
Epoch 163 of 300 complete. Loss D: 0.06490287479246035, Loss DP: 302.9746334552765, Loss G: 2.0701157599687576
Epoch 164 of 300 complete. Loss D: 0.3471867590676993, Loss DP: 302.9746334552765, Loss G: 1.8609902083873748
Epoch 165 of 300 complete. Loss D: 0.12370338086038828, Loss DP: 302.9746334552765, Loss G: 1.9385897368192673
Epoch 166 of 300 complete. Loss D: 0.07545997117413208, Loss DP: 302.9746334552765, Loss G: 2.068418335914612
Epoch 167 of 300 complete. Loss D: 0.18432786448393018, Loss DP: 302.9746334552765, Loss G: 2.039701688289642
Epoch 168 of 300 complete. Loss D: 0.06762543083168567, Loss DP: 302.9746334552765, Loss G: 2.0746511310338973
Epoch 169 of 300 complete. Loss D: 0.06633436508709564, Loss DP: 302.9746334552765, Loss G: 2.0993384957313537
Epoch 170 of 300 complete. Loss D: 0.0548762311344035, Loss DP: 302.9746334552765, Loss G: 2.1263893991708755
Epoch 171 of 300 complete. Loss D: 0.38774928147904575, Loss DP: 302.9746334552765, Loss G: 1.63997050691396
Epoch 172 of 300 complete. Loss D: 0.15264263891149313, Loss DP: 302.9746334552765, Loss G: 1.983694176375866
Epoch 173 of 300 complete. Loss D: 0.07033036082284524, Loss DP: 302.9746334552765, Loss G: 2.0169950485229493
Epoch 174 of 300 complete. Loss D: 0.056424727675039324, Loss DP: 302.9746334552765, Loss G: 2.101730909943581
Epoch 175 of 300 complete. Loss D: 0.05136118709342554, Loss DP: 302.9746334552765, Loss G: 2.1693384498357773
Epoch 176 of 300 complete. Loss D: 0.12903698128648103, Loss DP: 302.9746334552765, Loss G: 2.3786462374206168
Epoch 177 of 300 complete. Loss D: 0.5324429322965443, Loss DP: 302.9746334552765, Loss G: 1.8733855873346328
Epoch 178 of 300 complete. Loss D: 0.109440783620812, Loss DP: 302.9746334552765, Loss G: 2.0703068345785143
Epoch 179 of 300 complete. Loss D: 0.19855559325078503, Loss DP: 302.9746334552765, Loss G: 2.0083385795354842
Epoch 180 of 300 complete. Loss D: 0.07405607998371125, Loss DP: 302.9746334552765, Loss G: 2.0295719772577288
Epoch 181 of 300 complete. Loss D: 0.05405561709194444, Loss DP: 302.9746334552765, Loss G: 2.1304713904857637
Epoch 182 of 300 complete. Loss D: 0.05287894557841355, Loss DP: 302.9746334552765, Loss G: 2.160490643978119
Epoch 183 of 300 complete. Loss D: 0.04573420947417617, Loss DP: 302.9746334552765, Loss G: 2.18578439950943
Epoch 184 of 300 complete. Loss D: 0.04854051423026249, Loss DP: 302.9746334552765, Loss G: 2.2549101561307907
Epoch 185 of 300 complete. Loss D: 0.2528467178926803, Loss DP: 302.9746334552765, Loss G: 2.0212885668501257
Epoch 186 of 300 complete. Loss D: 0.193330718355719, Loss DP: 302.9746334552765, Loss G: 2.102581999823451
Epoch 187 of 300 complete. Loss D: 0.09696458481485024, Loss DP: 302.9746334552765, Loss G: 2.1623600274324417
Epoch 188 of 300 complete. Loss D: 0.05702529582194984, Loss DP: 302.9746334552765, Loss G: 2.2308533817529677
Epoch 189 of 300 complete. Loss D: 0.04504690553876571, Loss DP: 302.9746334552765, Loss G: 2.230256935954094
Epoch 190 of 300 complete. Loss D: 0.04903114207554608, Loss DP: 302.9746334552765, Loss G: 2.2629731386899947
Epoch 191 of 300 complete. Loss D: 0.6283370229182765, Loss DP: 302.9746334552765, Loss G: 1.329980993270874
Epoch 192 of 300 complete. Loss D: 0.13513824990950524, Loss DP: 302.9746334552765, Loss G: 1.9399505734443665
Epoch 193 of 300 complete. Loss D: 0.06177402004832402, Loss DP: 302.9746334552765, Loss G: 2.077329495549202
Epoch 194 of 300 complete. Loss D: 0.05065344017930329, Loss DP: 302.9746334552765, Loss G: 2.1321649134159086
Epoch 195 of 300 complete. Loss D: 0.052182449703104795, Loss DP: 302.9746334552765, Loss G: 2.2524625569581986
Epoch 196 of 300 complete. Loss D: 0.058650605409638956, Loss DP: 302.9746334552765, Loss G: 2.2569547683000564
Epoch 197 of 300 complete. Loss D: 0.2465302458498627, Loss DP: 302.9746334552765, Loss G: 2.0451490176841616
Epoch 198 of 300 complete. Loss D: 0.1153669986902969, Loss DP: 302.9746334552765, Loss G: 2.1753392249345778
Epoch 199 of 300 complete. Loss D: 0.05035543942358345, Loss DP: 302.9746334552765, Loss G: 2.221982878446579
Epoch 200 of 300 complete. Loss D: 0.04291064887220273, Loss DP: 302.9746334552765, Loss G: 2.282266837358475
Epoch 201 of 300 complete. Loss D: 0.04042163041012827, Loss DP: 302.9746334552765, Loss G: 2.2751521855592727
Epoch 202 of 300 complete. Loss D: 0.17077377027308102, Loss DP: 302.9746334552765, Loss G: 2.2003126464784146
Epoch 203 of 300 complete. Loss D: 0.05515397535637021, Loss DP: 302.9746334552765, Loss G: 2.321954444050789
Epoch 204 of 300 complete. Loss D: 0.03835974731482565, Loss DP: 302.9746334552765, Loss G: 2.374404662847519
Epoch 205 of 300 complete. Loss D: 0.035263068429776466, Loss DP: 302.9746334552765, Loss G: 2.383498030900955
Epoch 206 of 300 complete. Loss D: 0.3681296005146578, Loss DP: 302.9746334552765, Loss G: 1.7564605638384818
Epoch 207 of 300 complete. Loss D: 0.0856139806099236, Loss DP: 302.9746334552765, Loss G: 2.228201377391815
Epoch 208 of 300 complete. Loss D: 0.04337020328966901, Loss DP: 302.9746334552765, Loss G: 2.3287650048732758
Epoch 209 of 300 complete. Loss D: 0.03901299069984816, Loss DP: 302.9746334552765, Loss G: 2.3364099085330965
Epoch 210 of 300 complete. Loss D: 0.03211756070086267, Loss DP: 302.9746334552765, Loss G: 2.4540276527404785
Epoch 211 of 300 complete. Loss D: 0.03124662663321942, Loss DP: 302.9746334552765, Loss G: 2.4606714129447935
Epoch 212 of 300 complete. Loss D: 0.3020836258307099, Loss DP: 302.9746334552765, Loss G: 2.1065483182668685
Epoch 213 of 300 complete. Loss D: 0.09976011135149747, Loss DP: 302.9746334552765, Loss G: 2.2566311031579973
Epoch 214 of 300 complete. Loss D: 0.048717173747718334, Loss DP: 302.9746334552765, Loss G: 2.315619245171547
Epoch 215 of 300 complete. Loss D: 0.032450967555632815, Loss DP: 302.9746334552765, Loss G: 2.4133111119270323
Epoch 216 of 300 complete. Loss D: 0.031162199191749097, Loss DP: 302.9746334552765, Loss G: 2.4390269815921783
Epoch 217 of 300 complete. Loss D: 0.0326641337829642, Loss DP: 302.9746334552765, Loss G: 2.4899490028619766
Epoch 218 of 300 complete. Loss D: 0.03157475583138876, Loss DP: 302.9746334552765, Loss G: 2.482652670145035
Epoch 219 of 300 complete. Loss D: 0.3444746102031786, Loss DP: 302.9746334552765, Loss G: 1.9803738325834275
Epoch 220 of 300 complete. Loss D: 0.18444725549779833, Loss DP: 302.9746334552765, Loss G: 2.4412451520562173
Epoch 221 of 300 complete. Loss D: 0.06929075132356957, Loss DP: 302.9746334552765, Loss G: 2.2891907423734663
Epoch 222 of 300 complete. Loss D: 0.03944483519007917, Loss DP: 302.9746334552765, Loss G: 2.3821926951408385
Epoch 223 of 300 complete. Loss D: 0.03479885646374896, Loss DP: 302.9746334552765, Loss G: 2.4167513072490694
Epoch 224 of 300 complete. Loss D: 0.033961280970834194, Loss DP: 302.9746334552765, Loss G: 2.4307475864887236
Epoch 225 of 300 complete. Loss D: 0.029710489558055997, Loss DP: 302.9746334552765, Loss G: 2.5161308884620666
Epoch 226 of 300 complete. Loss D: 0.07303998373681679, Loss DP: 302.9746334552765, Loss G: 2.523377018002793
Epoch 227 of 300 complete. Loss D: 0.47032149764709175, Loss DP: 302.9746334552765, Loss G: 1.9879341006278992
Epoch 228 of 300 complete. Loss D: 0.06715021546697245, Loss DP: 302.9746334552765, Loss G: 2.3996802389621736
Epoch 229 of 300 complete. Loss D: 0.15616801861906424, Loss DP: 302.9746334552765, Loss G: 2.3191041737794875
Epoch 230 of 300 complete. Loss D: 0.04204715813393704, Loss DP: 302.9746334552765, Loss G: 2.3822836697101595
Epoch 231 of 300 complete. Loss D: 0.032482370294746946, Loss DP: 302.9746334552765, Loss G: 2.4025722444057465
Epoch 232 of 300 complete. Loss D: 0.031758325631381014, Loss DP: 302.9746334552765, Loss G: 2.466808906197548
Epoch 233 of 300 complete. Loss D: 0.029811861854977906, Loss DP: 302.9746334552765, Loss G: 2.4785208135843275
Epoch 234 of 300 complete. Loss D: 0.031374636875261784, Loss DP: 302.9746334552765, Loss G: 2.5506248384714127
Epoch 235 of 300 complete. Loss D: 0.026664834801340475, Loss DP: 302.9746334552765, Loss G: 2.592298597097397
Epoch 236 of 300 complete. Loss D: 0.029617377556860447, Loss DP: 302.9746334552765, Loss G: 2.6411396086215975
Epoch 237 of 300 complete. Loss D: 0.026142854944919237, Loss DP: 302.9746334552765, Loss G: 2.6953330278396606
Epoch 238 of 300 complete. Loss D: 0.3296518971095793, Loss DP: 302.9746334552765, Loss G: 1.8960649660788476
Epoch 239 of 300 complete. Loss D: 0.20017930055037142, Loss DP: 302.9746334552765, Loss G: 2.53364966660738
Epoch 240 of 300 complete. Loss D: 0.07285395811195486, Loss DP: 302.9746334552765, Loss G: 2.453368663787842
Epoch 241 of 300 complete. Loss D: 0.035807705111801626, Loss DP: 302.9746334552765, Loss G: 2.5217036962509156
Epoch 242 of 300 complete. Loss D: 0.028145995948580093, Loss DP: 302.9746334552765, Loss G: 2.5396248936653136
Epoch 243 of 300 complete. Loss D: 0.2733421298267785, Loss DP: 302.9746334552765, Loss G: 2.178192705055699
Epoch 244 of 300 complete. Loss D: 0.15406919786473736, Loss DP: 302.9746334552765, Loss G: 2.363540157675743
Epoch 245 of 300 complete. Loss D: 0.046486656635534016, Loss DP: 302.9746334552765, Loss G: 2.4159310936927794
Epoch 246 of 300 complete. Loss D: 0.031026935964473524, Loss DP: 302.9746334552765, Loss G: 2.4838640958070757
Epoch 247 of 300 complete. Loss D: 0.030821998236933722, Loss DP: 302.9746334552765, Loss G: 2.614911586046219
Epoch 248 of 300 complete. Loss D: 0.025591999356402086, Loss DP: 302.9746334552765, Loss G: 2.636705595254898
Epoch 249 of 300 complete. Loss D: 0.027808613766683265, Loss DP: 302.9746334552765, Loss G: 2.7109659552574157
Epoch 250 of 300 complete. Loss D: 0.023504908005998006, Loss DP: 302.9746334552765, Loss G: 2.7290802747011185
Epoch 251 of 300 complete. Loss D: 0.38886382210766895, Loss DP: 302.9746334552765, Loss G: 1.234877147525549
Epoch 252 of 300 complete. Loss D: 0.06639243745012209, Loss DP: 302.9746334552765, Loss G: 2.498869758844376
Epoch 253 of 300 complete. Loss D: 0.029453483334509655, Loss DP: 302.9746334552765, Loss G: 2.595991051197052
Epoch 254 of 300 complete. Loss D: 0.027147161483298987, Loss DP: 302.9746334552765, Loss G: 2.6373596251010896
Epoch 255 of 300 complete. Loss D: 0.22135324370465242, Loss DP: 302.9746334552765, Loss G: 2.095073556061834
Epoch 256 of 300 complete. Loss D: 0.11769502145471052, Loss DP: 302.9746334552765, Loss G: 2.4588177144527434
Epoch 257 of 300 complete. Loss D: 0.034754801947565285, Loss DP: 302.9746334552765, Loss G: 2.595893234014511
Epoch 258 of 300 complete. Loss D: 0.023167739335622172, Loss DP: 302.9746334552765, Loss G: 2.6341873109340668
Epoch 259 of 300 complete. Loss D: 0.021188164831255563, Loss DP: 302.9746334552765, Loss G: 2.662703734636307
Epoch 260 of 300 complete. Loss D: 0.020974742001271807, Loss DP: 302.9746334552765, Loss G: 2.7601624548435213
Epoch 261 of 300 complete. Loss D: 0.021827879337070043, Loss DP: 302.9746334552765, Loss G: 2.7320684134960174
Epoch 262 of 300 complete. Loss D: 0.02473344441386871, Loss DP: 302.9746334552765, Loss G: 2.8424249231815337
Epoch 263 of 300 complete. Loss D: 0.33974993345327675, Loss DP: 302.9746334552765, Loss G: 1.7132140427827836
Epoch 264 of 300 complete. Loss D: 0.061028657841961834, Loss DP: 302.9746334552765, Loss G: 2.6238097816705706
Epoch 265 of 300 complete. Loss D: 0.0321487917448394, Loss DP: 302.9746334552765, Loss G: 2.6394687801599503
Epoch 266 of 300 complete. Loss D: 0.023154070926830174, Loss DP: 302.9746334552765, Loss G: 2.665048676729202
Epoch 267 of 300 complete. Loss D: 0.3946953056845814, Loss DP: 302.9746334552765, Loss G: 1.9158452928066254
Epoch 268 of 300 complete. Loss D: 0.05870272576576099, Loss DP: 302.9746334552765, Loss G: 2.517383962869644
Epoch 269 of 300 complete. Loss D: 0.028316748372162692, Loss DP: 302.9746334552765, Loss G: 2.562404900789261
Epoch 270 of 300 complete. Loss D: 0.026234648539684713, Loss DP: 302.9746334552765, Loss G: 2.7151825785636903
Epoch 271 of 300 complete. Loss D: 0.16745359639171511, Loss DP: 302.9746334552765, Loss G: 2.6283089458942412
Epoch 272 of 300 complete. Loss D: 0.031236892520973926, Loss DP: 302.9746334552765, Loss G: 2.671777081489563
Epoch 273 of 300 complete. Loss D: 0.021220389426162, Loss DP: 302.9746334552765, Loss G: 2.6883752942085266
Epoch 274 of 300 complete. Loss D: 0.018818516726605596, Loss DP: 302.9746334552765, Loss G: 2.696674197912216
Epoch 275 of 300 complete. Loss D: 0.019385002751369028, Loss DP: 302.9746334552765, Loss G: 2.7026410341262816
Epoch 276 of 300 complete. Loss D: 0.019420168857323006, Loss DP: 302.9746334552765, Loss G: 2.747399443387985
Epoch 277 of 300 complete. Loss D: 0.020194263942539693, Loss DP: 302.9746334552765, Loss G: 2.8063358902931212
Epoch 278 of 300 complete. Loss D: 0.01679588753322605, Loss DP: 302.9746334552765, Loss G: 2.8580030620098116
Epoch 279 of 300 complete. Loss D: 0.015237326022179332, Loss DP: 302.9746334552765, Loss G: 2.8467690467834474
Epoch 280 of 300 complete. Loss D: 0.015724513851455412, Loss DP: 302.9746334552765, Loss G: 2.9023440778255463
Epoch 281 of 300 complete. Loss D: 0.016150574533821783, Loss DP: 302.9746334552765, Loss G: 2.925568330287933
Epoch 282 of 300 complete. Loss D: 0.4187924790137913, Loss DP: 302.9746334552765, Loss G: 1.611625222861767
Epoch 283 of 300 complete. Loss D: 0.14039522437378765, Loss DP: 302.9746334552765, Loss G: 2.791581392288208
Epoch 284 of 300 complete. Loss D: 0.09422833223361522, Loss DP: 302.9746334552765, Loss G: 2.669765520095825
Epoch 285 of 300 complete. Loss D: 0.02713506647851318, Loss DP: 302.9746334552765, Loss G: 2.757571649551392
Epoch 286 of 300 complete. Loss D: 0.03348324409453198, Loss DP: 302.9746334552765, Loss G: 2.8252775847911833
Epoch 287 of 300 complete. Loss D: 0.19879103764542377, Loss DP: 302.9746334552765, Loss G: 2.2256696220487355
Epoch 288 of 300 complete. Loss D: 0.0438362859073095, Loss DP: 302.9746334552765, Loss G: 2.755949229001999
Epoch 289 of 300 complete. Loss D: 0.02333408919512294, Loss DP: 302.9746334552765, Loss G: 2.7039764642715456
Epoch 290 of 300 complete. Loss D: 0.018555888603441418, Loss DP: 302.9746334552765, Loss G: 2.730328208208084
Epoch 291 of 300 complete. Loss D: 0.017104503078735435, Loss DP: 302.9746334552765, Loss G: 2.7881609082221983
Epoch 292 of 300 complete. Loss D: 0.01940202314290218, Loss DP: 302.9746334552765, Loss G: 2.9104329705238343
Epoch 293 of 300 complete. Loss D: 0.01866014243423706, Loss DP: 302.9746334552765, Loss G: 2.831428402662277
Epoch 294 of 300 complete. Loss D: 0.015602932826732285, Loss DP: 302.9746334552765, Loss G: 2.8807428598403932
Epoch 295 of 300 complete. Loss D: 0.32523168869665825, Loss DP: 302.9746334552765, Loss G: 1.472954354993999
Epoch 296 of 300 complete. Loss D: 0.16221150821074842, Loss DP: 302.9746334552765, Loss G: 2.515242964029312
Epoch 297 of 300 complete. Loss D: 0.06353346940595657, Loss DP: 302.9746334552765, Loss G: 2.8823324382305144
Epoch 298 of 300 complete. Loss D: 0.06191538067942019, Loss DP: 302.9746334552765, Loss G: 2.7400293707847596
Epoch 299 of 300 complete. Loss D: 0.021466282417532057, Loss DP: 302.9746334552765, Loss G: 2.8052394151687623
wandb: Waiting for W&B process to finish... (success).
wandb: - 0.265 MB of 0.265 MB uploaded (0.000 MB deduped)wandb: \ 0.265 MB of 0.265 MB uploaded (0.000 MB deduped)wandb: | 0.265 MB of 0.265 MB uploaded (0.000 MB deduped)wandb: / 0.265 MB of 0.265 MB uploaded (0.000 MB deduped)wandb: - 0.265 MB of 0.265 MB uploaded (0.000 MB deduped)wandb: \ 0.265 MB of 0.265 MB uploaded (0.000 MB deduped)wandb: 
wandb: Run history:
wandb: DP_loss ▁▁▁▁▁▁▁▁▁▁▁▁▁▁██████████████████████████
wandb:  D_loss ▇▇▇▇▆▆▆▆▆▅▅▅▄▄▃▃▃▂▃▄▂▂▃▁▁█▁▂▁▁▆▁▄▅▁▅▁▂▁▁
wandb:  G_loss ▁▁▁▁▁▁▁▂▁▂▂▂▂▃▃▃▄▄▄▄▄▅▅▆▆▃▆▆▇▇▅▇▆▂▇▅████
wandb: 
wandb: Run summary:
wandb: DP_loss 302.97463
wandb:  D_loss 0.02147
wandb:  G_loss 2.80524
wandb: 
wandb: 🚀 View run dutiful-snowflake-17 at: https://wandb.ai/thesis_carlo/privDCGAN/runs/1rppuu8k
wandb: Synced 6 W&B file(s), 30 media file(s), 2 artifact file(s) and 0 other file(s)
wandb: Find logs at: ./wandb/run-20230418_114721-1rppuu8k/logs
